# JRE version: Java(TM) SE Runtime Environment (15.0.2+7) (build 15.0.2+7-27)
# Java VM: Java HotSpot(TM) 64-Bit Server VM (15.0.2+7-27, mixed mode, sharing, tiered, compressed oops, g1 gc, windows-amd64)
GC Precious Log:
 CPUs: 16 total, 16 available
 Memory: 32471M
 Large Page Support: Disabled
 NUMA Support: Disabled
 Compressed Oops: Enabled (Zero based)
 Heap Region Size: 4M
 Heap Min Capacity: 8M
 Heap Initial Capacity: 508M
 Heap Max Capacity: 8120M
 Pre-touch: Disabled
 Parallel Workers: 13
 Concurrent Workers: 3
 Concurrent Refinement Workers: 13
 Periodic GC: Disabled
Heap:
 garbage-first heap   total 217088K, used 109715K [0x0000000604800000, 0x0000000800000000)
  region size 4096K, 10 young (40960K), 5 survivors (20480K)
 Metaspace       used 45504K, capacity 45812K, committed 46384K, reserved 1089536K
  class space    used 6133K, capacity 6236K, committed 6272K, reserved 1048576K
GC Heap History (16 events):
Event: 0.261 GC heap before
{Heap before GC invocations=0 (full 0):
 garbage-first heap   total 520192K, used 20480K [0x0000000604800000, 0x0000000800000000)
  region size 4096K, 6 young (24576K), 0 survivors (0K)
 Metaspace       used 564K, capacity 4480K, committed 4480K, reserved 1056768K
  class space    used 17K, capacity 384K, committed 384K, reserved 1048576K
}
Event: 0.267 GC heap after
{Heap after GC invocations=1 (full 0):
 garbage-first heap   total 520192K, used 14969K [0x0000000604800000, 0x0000000800000000)
  region size 4096K, 1 young (4096K), 1 survivors (4096K)
 Metaspace       used 564K, capacity 4480K, committed 4480K, reserved 1056768K
  class space    used 17K, capacity 384K, committed 384K, reserved 1048576K
}
Event: 1.070 GC heap before
{Heap before GC invocations=1 (full 0):
 garbage-first heap   total 520192K, used 31353K [0x0000000604800000, 0x0000000800000000)
  region size 4096K, 6 young (24576K), 1 survivors (4096K)
 Metaspace       used 14011K, capacity 14164K, committed 14464K, reserved 1062912K
  class space    used 1571K, capacity 1648K, committed 1664K, reserved 1048576K
}
Event: 1.076 GC heap after
{Heap after GC invocations=2 (full 0):
 garbage-first heap   total 520192K, used 22441K [0x0000000604800000, 0x0000000800000000)
  region size 4096K, 1 young (4096K), 1 survivors (4096K)
 Metaspace       used 14011K, capacity 14164K, committed 14464K, reserved 1062912K
  class space    used 1571K, capacity 1648K, committed 1664K, reserved 1048576K
}
Event: 1.500 GC heap before
{Heap before GC invocations=2 (full 0):
 garbage-first heap   total 520192K, used 42921K [0x0000000604800000, 0x0000000800000000)
  region size 4096K, 7 young (28672K), 1 survivors (4096K)
 Metaspace       used 17030K, capacity 17282K, committed 17536K, reserved 1064960K
  class space    used 1828K, capacity 1905K, committed 1920K, reserved 1048576K
}
Event: 1.505 GC heap after
{Heap after GC invocations=3 (full 0):
 garbage-first heap   total 520192K, used 25000K [0x0000000604800000, 0x0000000800000000)
  region size 4096K, 1 young (4096K), 1 survivors (4096K)
 Metaspace       used 17030K, capacity 17282K, committed 17536K, reserved 1064960K
  class space    used 1828K, capacity 1905K, committed 1920K, reserved 1048576K
}
Event: 1.904 GC heap before
{Heap before GC invocations=3 (full 0):
 garbage-first heap   total 520192K, used 37288K [0x0000000604800000, 0x0000000800000000)
  region size 4096K, 5 young (20480K), 1 survivors (4096K)
 Metaspace       used 20801K, capacity 20963K, committed 21296K, reserved 1069056K
  class space    used 2288K, capacity 2362K, committed 2432K, reserved 1048576K
}
Event: 1.907 GC heap after
{Heap after GC invocations=4 (full 0):
 garbage-first heap   total 520192K, used 25731K [0x0000000604800000, 0x0000000800000000)
  region size 4096K, 1 young (4096K), 1 survivors (4096K)
 Metaspace       used 20801K, capacity 20963K, committed 21296K, reserved 1069056K
  class space    used 2288K, capacity 2362K, committed 2432K, reserved 1048576K
}
Event: 6.347 GC heap before
{Heap before GC invocations=5 (full 0):
 garbage-first heap   total 110592K, used 87171K [0x0000000604800000, 0x0000000800000000)
  region size 4096K, 16 young (65536K), 1 survivors (4096K)
 Metaspace       used 30752K, capacity 31066K, committed 31536K, reserved 1077248K
  class space    used 3573K, capacity 3690K, committed 3712K, reserved 1048576K
}
Event: 6.360 GC heap after
{Heap after GC invocations=6 (full 0):
 garbage-first heap   total 110592K, used 38255K [0x0000000604800000, 0x0000000800000000)
  region size 4096K, 2 young (8192K), 2 survivors (8192K)
 Metaspace       used 30752K, capacity 31066K, committed 31536K, reserved 1077248K
  class space    used 3573K, capacity 3690K, committed 3712K, reserved 1048576K
}
Event: 8.652 GC heap before
{Heap before GC invocations=6 (full 0):
 garbage-first heap   total 110592K, used 62831K [0x0000000604800000, 0x0000000800000000)
  region size 4096K, 9 young (36864K), 2 survivors (8192K)
 Metaspace       used 34622K, capacity 34905K, committed 35376K, reserved 1081344K
  class space    used 4273K, capacity 4395K, committed 4480K, reserved 1048576K
}
Event: 8.668 GC heap after
{Heap after GC invocations=7 (full 0):
 garbage-first heap   total 315392K, used 44731K [0x0000000604800000, 0x0000000800000000)
  region size 4096K, 2 young (8192K), 2 survivors (8192K)
 Metaspace       used 34622K, capacity 34905K, committed 35376K, reserved 1081344K
  class space    used 4273K, capacity 4395K, committed 4480K, reserved 1048576K
}
Event: 9.231 GC heap before
{Heap before GC invocations=7 (full 0):
 garbage-first heap   total 315392K, used 48827K [0x0000000604800000, 0x0000000800000000)
  region size 4096K, 4 young (16384K), 2 survivors (8192K)
 Metaspace       used 34984K, capacity 35289K, committed 35888K, reserved 1081344K
  class space    used 4352K, capacity 4459K, committed 4480K, reserved 1048576K
}
Event: 9.240 GC heap after
{Heap after GC invocations=8 (full 0):
 garbage-first heap   total 315392K, used 45041K [0x0000000604800000, 0x0000000800000000)
  region size 4096K, 2 young (8192K), 2 survivors (8192K)
 Metaspace       used 34984K, capacity 35289K, committed 35888K, reserved 1081344K
  class space    used 4352K, capacity 4459K, committed 4480K, reserved 1048576K
}
Event: 12.254 GC heap before
{Heap before GC invocations=9 (full 0):
 garbage-first heap   total 180224K, used 176113K [0x0000000604800000, 0x0000000800000000)
  region size 4096K, 31 young (126976K), 2 survivors (8192K)
 Metaspace       used 42849K, capacity 43211K, committed 43824K, reserved 1087488K
  class space    used 5814K, capacity 5945K, committed 6016K, reserved 1048576K
}
Event: 12.271 GC heap after
{Heap after GC invocations=10 (full 0):
 garbage-first heap   total 217088K, used 85139K [0x0000000604800000, 0x0000000800000000)
  region size 4096K, 5 young (20480K), 5 survivors (20480K)
 Metaspace       used 42849K, capacity 43211K, committed 43824K, reserved 1087488K
  class space    used 5814K, capacity 5945K, committed 6016K, reserved 1048576K
}

