# JRE version: Java(TM) SE Runtime Environment (15.0.2+7) (build 15.0.2+7-27)
# Java VM: Java HotSpot(TM) 64-Bit Server VM (15.0.2+7-27, mixed mode, sharing, tiered, compressed oops, g1 gc, windows-amd64)
GC Precious Log:
 CPUs: 16 total, 16 available
 Memory: 32471M
 Large Page Support: Disabled
 NUMA Support: Disabled
 Compressed Oops: Enabled (Zero based)
 Heap Region Size: 4M
 Heap Min Capacity: 8M
 Heap Initial Capacity: 508M
 Heap Max Capacity: 8120M
 Pre-touch: Disabled
 Parallel Workers: 13
 Concurrent Workers: 3
 Concurrent Refinement Workers: 13
 Periodic GC: Disabled
Heap:
 garbage-first heap   total 176128K, used 97951K [0x0000000604800000, 0x0000000800000000)
  region size 4096K, 5 young (20480K), 2 survivors (8192K)
 Metaspace       used 46021K, capacity 46330K, committed 46896K, reserved 1089536K
  class space    used 6145K, capacity 6237K, committed 6272K, reserved 1048576K
GC Heap History (18 events):
Event: 0.242 GC heap before
{Heap before GC invocations=0 (full 0):
 garbage-first heap   total 520192K, used 20480K [0x0000000604800000, 0x0000000800000000)
  region size 4096K, 6 young (24576K), 0 survivors (0K)
 Metaspace       used 564K, capacity 4480K, committed 4480K, reserved 1056768K
  class space    used 17K, capacity 384K, committed 384K, reserved 1048576K
}
Event: 0.247 GC heap after
{Heap after GC invocations=1 (full 0):
 garbage-first heap   total 520192K, used 12839K [0x0000000604800000, 0x0000000800000000)
  region size 4096K, 1 young (4096K), 1 survivors (4096K)
 Metaspace       used 564K, capacity 4480K, committed 4480K, reserved 1056768K
  class space    used 17K, capacity 384K, committed 384K, reserved 1048576K
}
Event: 0.966 GC heap before
{Heap before GC invocations=1 (full 0):
 garbage-first heap   total 520192K, used 29223K [0x0000000604800000, 0x0000000800000000)
  region size 4096K, 6 young (24576K), 1 survivors (4096K)
 Metaspace       used 14001K, capacity 14164K, committed 14464K, reserved 1062912K
  class space    used 1561K, capacity 1648K, committed 1664K, reserved 1048576K
}
Event: 0.971 GC heap after
{Heap after GC invocations=2 (full 0):
 garbage-first heap   total 520192K, used 20396K [0x0000000604800000, 0x0000000800000000)
  region size 4096K, 1 young (4096K), 1 survivors (4096K)
 Metaspace       used 14001K, capacity 14164K, committed 14464K, reserved 1062912K
  class space    used 1561K, capacity 1648K, committed 1664K, reserved 1048576K
}
Event: 1.421 GC heap before
{Heap before GC invocations=2 (full 0):
 garbage-first heap   total 520192K, used 40876K [0x0000000604800000, 0x0000000800000000)
  region size 4096K, 7 young (28672K), 1 survivors (4096K)
 Metaspace       used 17015K, capacity 17250K, committed 17536K, reserved 1064960K
  class space    used 1819K, capacity 1873K, committed 1920K, reserved 1048576K
}
Event: 1.425 GC heap after
{Heap after GC invocations=3 (full 0):
 garbage-first heap   total 520192K, used 22940K [0x0000000604800000, 0x0000000800000000)
  region size 4096K, 1 young (4096K), 1 survivors (4096K)
 Metaspace       used 17015K, capacity 17250K, committed 17536K, reserved 1064960K
  class space    used 1819K, capacity 1873K, committed 1920K, reserved 1048576K
}
Event: 1.822 GC heap before
{Heap before GC invocations=3 (full 0):
 garbage-first heap   total 520192K, used 35228K [0x0000000604800000, 0x0000000800000000)
  region size 4096K, 5 young (20480K), 1 survivors (4096K)
 Metaspace       used 20795K, capacity 20931K, committed 21296K, reserved 1069056K
  class space    used 2284K, capacity 2330K, committed 2432K, reserved 1048576K
}
Event: 1.824 GC heap after
{Heap after GC invocations=4 (full 0):
 garbage-first heap   total 520192K, used 23652K [0x0000000604800000, 0x0000000800000000)
  region size 4096K, 1 young (4096K), 1 survivors (4096K)
 Metaspace       used 20795K, capacity 20931K, committed 21296K, reserved 1069056K
  class space    used 2284K, capacity 2330K, committed 2432K, reserved 1048576K
}
Event: 5.866 GC heap before
{Heap before GC invocations=5 (full 0):
 garbage-first heap   total 98304K, used 76900K [0x0000000604800000, 0x0000000800000000)
  region size 4096K, 14 young (57344K), 1 survivors (4096K)
 Metaspace       used 30260K, capacity 30550K, committed 30896K, reserved 1077248K
  class space    used 3459K, capacity 3561K, committed 3584K, reserved 1048576K
}
Event: 5.876 GC heap after
{Heap after GC invocations=6 (full 0):
 garbage-first heap   total 98304K, used 34310K [0x0000000604800000, 0x0000000800000000)
  region size 4096K, 2 young (8192K), 2 survivors (8192K)
 Metaspace       used 30260K, capacity 30550K, committed 30896K, reserved 1077248K
  class space    used 3459K, capacity 3561K, committed 3584K, reserved 1048576K
}
Event: 7.493 GC heap before
{Heap before GC invocations=6 (full 0):
 garbage-first heap   total 98304K, used 54790K [0x0000000604800000, 0x0000000800000000)
  region size 4096K, 8 young (32768K), 2 survivors (8192K)
 Metaspace       used 32605K, capacity 32932K, committed 33456K, reserved 1079296K
  class space    used 3984K, capacity 4075K, committed 4096K, reserved 1048576K
}
Event: 7.527 GC heap after
{Heap after GC invocations=7 (full 0):
 garbage-first heap   total 311296K, used 40803K [0x0000000604800000, 0x0000000800000000)
  region size 4096K, 1 young (4096K), 1 survivors (4096K)
 Metaspace       used 32605K, capacity 32932K, committed 33456K, reserved 1079296K
  class space    used 3984K, capacity 4075K, committed 4096K, reserved 1048576K
}
Event: 9.496 GC heap before
{Heap before GC invocations=7 (full 0):
 garbage-first heap   total 311296K, used 57187K [0x0000000604800000, 0x0000000800000000)
  region size 4096K, 6 young (24576K), 1 survivors (4096K)
 Metaspace       used 35085K, capacity 35354K, committed 35888K, reserved 1081344K
  class space    used 4381K, capacity 4459K, committed 4480K, reserved 1048576K
}
Event: 9.503 GC heap after
{Heap after GC invocations=8 (full 0):
 garbage-first heap   total 311296K, used 43870K [0x0000000604800000, 0x0000000800000000)
  region size 4096K, 2 young (8192K), 2 survivors (8192K)
 Metaspace       used 35085K, capacity 35354K, committed 35888K, reserved 1081344K
  class space    used 4381K, capacity 4459K, committed 4480K, reserved 1048576K
}
Event: 12.072 GC heap before
{Heap before GC invocations=9 (full 0):
 garbage-first heap   total 163840K, used 142174K [0x0000000604800000, 0x0000000800000000)
  region size 4096K, 24 young (98304K), 2 survivors (8192K)
 Metaspace       used 42384K, capacity 42699K, committed 43056K, reserved 1087488K
  class space    used 5651K, capacity 5753K, committed 5760K, reserved 1048576K
}
Event: 12.083 GC heap after
{Heap after GC invocations=10 (full 0):
 garbage-first heap   total 176128K, used 76122K [0x0000000604800000, 0x0000000800000000)
  region size 4096K, 3 young (12288K), 3 survivors (12288K)
 Metaspace       used 42384K, capacity 42699K, committed 43056K, reserved 1087488K
  class space    used 5651K, capacity 5753K, committed 5760K, reserved 1048576K
}
Event: 29.392 GC heap before
{Heap before GC invocations=10 (full 0):
 garbage-first heap   total 176128K, used 129370K [0x0000000604800000, 0x0000000800000000)
  region size 4096K, 14 young (57344K), 3 survivors (12288K)
 Metaspace       used 44611K, capacity 44907K, committed 45488K, reserved 1089536K
  class space    used 5941K, capacity 6041K, committed 6144K, reserved 1048576K
}
Event: 29.409 GC heap after
{Heap after GC invocations=11 (full 0):
 garbage-first heap   total 176128K, used 93855K [0x0000000604800000, 0x0000000800000000)
  region size 4096K, 2 young (8192K), 2 survivors (8192K)
 Metaspace       used 44611K, capacity 44907K, committed 45488K, reserved 1089536K
  class space    used 5941K, capacity 6041K, committed 6144K, reserved 1048576K
}

