# JRE version: Java(TM) SE Runtime Environment (15.0.2+7) (build 15.0.2+7-27)
# Java VM: Java HotSpot(TM) 64-Bit Server VM (15.0.2+7-27, mixed mode, sharing, tiered, compressed oops, g1 gc, windows-amd64)
GC Precious Log:
 CPUs: 16 total, 16 available
 Memory: 32471M
 Large Page Support: Disabled
 NUMA Support: Disabled
 Compressed Oops: Enabled (Zero based)
 Heap Region Size: 4M
 Heap Min Capacity: 8M
 Heap Initial Capacity: 508M
 Heap Max Capacity: 8120M
 Pre-touch: Disabled
 Parallel Workers: 13
 Concurrent Workers: 3
 Concurrent Refinement Workers: 13
 Periodic GC: Disabled
Heap:
 garbage-first heap   total 217088K, used 105787K [0x0000000604800000, 0x0000000800000000)
  region size 4096K, 9 young (36864K), 5 survivors (20480K)
 Metaspace       used 45674K, capacity 46010K, committed 46384K, reserved 1089536K
  class space    used 6133K, capacity 6237K, committed 6272K, reserved 1048576K
GC Heap History (16 events):
Event: 0.245 GC heap before
{Heap before GC invocations=0 (full 0):
 garbage-first heap   total 520192K, used 20480K [0x0000000604800000, 0x0000000800000000)
  region size 4096K, 6 young (24576K), 0 survivors (0K)
 Metaspace       used 563K, capacity 4480K, committed 4480K, reserved 1056768K
  class space    used 17K, capacity 384K, committed 384K, reserved 1048576K
}
Event: 0.251 GC heap after
{Heap after GC invocations=1 (full 0):
 garbage-first heap   total 520192K, used 12868K [0x0000000604800000, 0x0000000800000000)
  region size 4096K, 1 young (4096K), 1 survivors (4096K)
 Metaspace       used 563K, capacity 4480K, committed 4480K, reserved 1056768K
  class space    used 17K, capacity 384K, committed 384K, reserved 1048576K
}
Event: 0.902 GC heap before
{Heap before GC invocations=1 (full 0):
 garbage-first heap   total 520192K, used 29252K [0x0000000604800000, 0x0000000800000000)
  region size 4096K, 6 young (24576K), 1 survivors (4096K)
 Metaspace       used 13994K, capacity 14164K, committed 14464K, reserved 1062912K
  class space    used 1566K, capacity 1648K, committed 1664K, reserved 1048576K
}
Event: 0.906 GC heap after
{Heap after GC invocations=2 (full 0):
 garbage-first heap   total 520192K, used 20699K [0x0000000604800000, 0x0000000800000000)
  region size 4096K, 1 young (4096K), 1 survivors (4096K)
 Metaspace       used 13994K, capacity 14164K, committed 14464K, reserved 1062912K
  class space    used 1566K, capacity 1648K, committed 1664K, reserved 1048576K
}
Event: 1.307 GC heap before
{Heap before GC invocations=2 (full 0):
 garbage-first heap   total 520192K, used 41179K [0x0000000604800000, 0x0000000800000000)
  region size 4096K, 7 young (28672K), 1 survivors (4096K)
 Metaspace       used 17002K, capacity 17186K, committed 17536K, reserved 1064960K
  class space    used 1824K, capacity 1873K, committed 1920K, reserved 1048576K
}
Event: 1.311 GC heap after
{Heap after GC invocations=3 (full 0):
 garbage-first heap   total 520192K, used 24016K [0x0000000604800000, 0x0000000800000000)
  region size 4096K, 1 young (4096K), 1 survivors (4096K)
 Metaspace       used 17002K, capacity 17186K, committed 17536K, reserved 1064960K
  class space    used 1824K, capacity 1873K, committed 1920K, reserved 1048576K
}
Event: 1.719 GC heap before
{Heap before GC invocations=3 (full 0):
 garbage-first heap   total 520192K, used 36304K [0x0000000604800000, 0x0000000800000000)
  region size 4096K, 5 young (20480K), 1 survivors (4096K)
 Metaspace       used 20797K, capacity 20931K, committed 21296K, reserved 1069056K
  class space    used 2285K, capacity 2330K, committed 2432K, reserved 1048576K
}
Event: 1.722 GC heap after
{Heap after GC invocations=4 (full 0):
 garbage-first heap   total 520192K, used 24716K [0x0000000604800000, 0x0000000800000000)
  region size 4096K, 1 young (4096K), 1 survivors (4096K)
 Metaspace       used 20797K, capacity 20931K, committed 21296K, reserved 1069056K
  class space    used 2285K, capacity 2330K, committed 2432K, reserved 1048576K
}
Event: 6.275 GC heap before
{Heap before GC invocations=5 (full 0):
 garbage-first heap   total 110592K, used 82060K [0x0000000604800000, 0x0000000800000000)
  region size 4096K, 16 young (65536K), 1 survivors (4096K)
 Metaspace       used 30750K, capacity 31034K, committed 31536K, reserved 1077248K
  class space    used 3568K, capacity 3658K, committed 3712K, reserved 1048576K
}
Event: 6.288 GC heap after
{Heap after GC invocations=6 (full 0):
 garbage-first heap   total 110592K, used 37250K [0x0000000604800000, 0x0000000800000000)
  region size 4096K, 2 young (8192K), 2 survivors (8192K)
 Metaspace       used 30750K, capacity 31034K, committed 31536K, reserved 1077248K
  class space    used 3568K, capacity 3658K, committed 3712K, reserved 1048576K
}
Event: 8.561 GC heap before
{Heap before GC invocations=6 (full 0):
 garbage-first heap   total 110592K, used 65922K [0x0000000604800000, 0x0000000800000000)
  region size 4096K, 9 young (36864K), 2 survivors (8192K)
 Metaspace       used 34648K, capacity 34937K, committed 35632K, reserved 1081344K
  class space    used 4283K, capacity 4363K, committed 4480K, reserved 1048576K
}
Event: 8.578 GC heap after
{Heap after GC invocations=7 (full 0):
 garbage-first heap   total 315392K, used 43009K [0x0000000604800000, 0x0000000800000000)
  region size 4096K, 2 young (8192K), 2 survivors (8192K)
 Metaspace       used 34648K, capacity 34937K, committed 35632K, reserved 1081344K
  class space    used 4283K, capacity 4363K, committed 4480K, reserved 1048576K
}
Event: 9.372 GC heap before
{Heap before GC invocations=7 (full 0):
 garbage-first heap   total 315392K, used 47105K [0x0000000604800000, 0x0000000800000000)
  region size 4096K, 4 young (16384K), 2 survivors (8192K)
 Metaspace       used 35080K, capacity 35354K, committed 35888K, reserved 1081344K
  class space    used 4381K, capacity 4459K, committed 4480K, reserved 1048576K
}
Event: 9.378 GC heap after
{Heap after GC invocations=8 (full 0):
 garbage-first heap   total 315392K, used 44635K [0x0000000604800000, 0x0000000800000000)
  region size 4096K, 2 young (8192K), 2 survivors (8192K)
 Metaspace       used 35080K, capacity 35354K, committed 35888K, reserved 1081344K
  class space    used 4381K, capacity 4459K, committed 4480K, reserved 1048576K
}
Event: 12.328 GC heap before
{Heap before GC invocations=9 (full 0):
 garbage-first heap   total 180224K, used 175707K [0x0000000604800000, 0x0000000800000000)
  region size 4096K, 31 young (126976K), 2 survivors (8192K)
 Metaspace       used 43261K, capacity 43595K, committed 44080K, reserved 1087488K
  class space    used 5843K, capacity 5945K, committed 6016K, reserved 1048576K
}
Event: 12.342 GC heap after
{Heap after GC invocations=10 (full 0):
 garbage-first heap   total 217088K, used 85307K [0x0000000604800000, 0x0000000800000000)
  region size 4096K, 5 young (20480K), 5 survivors (20480K)
 Metaspace       used 43261K, capacity 43595K, committed 44080K, reserved 1087488K
  class space    used 5843K, capacity 5945K, committed 6016K, reserved 1048576K
}

